2022-11-21 12:44:34,585 INFO: Starting the Flask Student App ... [in function <module> filename:app.py:67]
2022-11-21 12:52:30,778 INFO: Adding Values to Databse [in function VOC_Rolling_MoM filename:app.py:50]
2022-11-21 12:52:30,782 INFO: Starting the Flask Parser App ... [in function <module> filename:app.py:69]
2022-11-21 12:52:37,663 INFO: Accesing the index page [in function index filename:app.py:72]
2022-11-21 12:52:41,721 INFO: Accesing the index page [in function index filename:app.py:72]
2022-11-21 12:52:41,730 INFO: Reading content from File.list [in function index filename:app.py:87]
2022-11-21 12:52:41,734 INFO: Checking file present or not [in function index filename:app.py:89]
2022-11-21 12:52:41,735 INFO: File not presentin list [in function index filename:app.py:91]
2022-11-21 12:52:41,740 INFO: Validating file [in function index filename:app.py:95]
2022-11-21 12:52:42,018 INFO: File Validated [in function index filename:app.py:100]
2022-11-21 12:52:42,023 INFO: Adding Values to Databse [in function __init__ filename:app.py:36]
2022-11-21 12:52:42,027 INFO: Creating database session and adding values [in function index filename:app.py:102]
2022-11-21 12:52:42,056 INFO: Values Comiited and session closed [in function index filename:app.py:105]
2022-11-21 12:52:42,061 INFO: Creating database session and adding values [in function index filename:app.py:106]
2022-11-21 12:52:42,077 INFO: Values Comiited and session closed [in function index filename:app.py:110]
2022-11-21 12:52:43,716 INFO: Accesing the index page [in function index filename:app.py:72]
2022-11-21 12:52:48,183 INFO: Accesing the index page [in function index filename:app.py:72]
2022-11-21 12:52:48,193 INFO: Reading content from File.list [in function index filename:app.py:87]
2022-11-21 12:52:48,196 INFO: Checking file present or not [in function index filename:app.py:89]
2022-11-21 12:52:48,197 INFO: File not presentin list [in function index filename:app.py:91]
2022-11-21 12:52:48,201 INFO: Validating file [in function index filename:app.py:95]
2022-11-21 12:52:48,203 ERROR: Adding file to Error Folder [in function index filename:app.py:118]
2022-11-21 12:52:48,209 ERROR: Invalid File [in function index filename:app.py:122]
2022-11-21 12:55:41,060 INFO: Adding Values to Databse [in function VOC_Rolling_MoM filename:app.py:50]
2022-11-21 12:55:41,063 INFO: Starting the Flask Parser App ... [in function <module> filename:app.py:69]
2022-11-21 12:56:04,620 INFO: Adding Values to Databse [in function VOC_Rolling_MoM filename:app.py:50]
2022-11-21 12:56:04,625 INFO: Starting the Flask Parser App ... [in function <module> filename:app.py:69]
2022-11-21 12:56:41,773 INFO: Accesing the index page [in function index filename:app.py:72]
2022-11-21 12:56:44,879 INFO: Accesing the index page [in function index filename:app.py:72]
2022-11-21 12:56:44,890 INFO: Reading content from File.list [in function index filename:app.py:87]
2022-11-21 12:56:44,895 INFO: Checking file present or not [in function index filename:app.py:89]
2022-11-21 12:56:44,897 ERROR: File Already Processed [in function index filename:app.py:113]
2022-11-21 12:56:58,519 INFO: Accesing the index page [in function index filename:app.py:72]
2022-11-21 12:57:02,084 INFO: Accesing the index page [in function index filename:app.py:72]
2022-11-21 12:57:02,093 INFO: Reading content from File.list [in function index filename:app.py:87]
2022-11-21 12:57:02,096 INFO: Checking file present or not [in function index filename:app.py:89]
2022-11-21 12:57:02,098 INFO: File not presentin list [in function index filename:app.py:91]
2022-11-21 12:57:02,101 INFO: Validating file [in function index filename:app.py:95]
2022-11-21 12:57:02,343 INFO: File Validated [in function index filename:app.py:100]
2022-11-21 12:57:02,347 INFO: Adding Values to Databse [in function __init__ filename:app.py:36]
2022-11-21 12:57:02,350 INFO: Creating database session and adding values [in function index filename:app.py:102]
2022-11-21 12:57:02,364 INFO: Values Comiited and session closed [in function index filename:app.py:105]
2022-11-21 12:57:02,367 INFO: Creating database session and adding values [in function index filename:app.py:106]
2022-11-21 12:57:02,384 INFO: Values Comiited and session closed [in function index filename:app.py:110]
2022-11-21 12:57:04,239 INFO: Accesing the index page [in function index filename:app.py:72]
2022-11-21 12:57:07,491 INFO: Accesing the index page [in function index filename:app.py:72]
2022-11-21 12:57:07,500 INFO: Reading content from File.list [in function index filename:app.py:87]
2022-11-21 12:57:07,503 INFO: Checking file present or not [in function index filename:app.py:89]
2022-11-21 12:57:07,506 ERROR: File Already Processed [in function index filename:app.py:113]
2022-11-21 12:57:08,682 INFO: Accesing the index page [in function index filename:app.py:72]
2022-11-21 12:57:11,205 INFO: Accesing the index page [in function index filename:app.py:72]
2022-11-21 12:57:11,212 INFO: Reading content from File.list [in function index filename:app.py:87]
2022-11-21 12:57:11,215 INFO: Checking file present or not [in function index filename:app.py:89]
2022-11-21 12:57:11,218 INFO: File not presentin list [in function index filename:app.py:91]
2022-11-21 12:57:11,221 INFO: Validating file [in function index filename:app.py:95]
2022-11-21 12:57:11,224 ERROR: Adding file to Error Folder [in function index filename:app.py:118]
2022-11-21 12:57:11,231 ERROR: Invalid File [in function index filename:app.py:122]
2022-11-21 12:57:12,046 INFO: Accesing the index page [in function index filename:app.py:72]
2022-11-21 12:57:14,505 INFO: Accesing the index page [in function index filename:app.py:72]
2022-11-21 12:57:14,513 INFO: Reading content from File.list [in function index filename:app.py:87]
2022-11-21 12:57:14,517 INFO: Checking file present or not [in function index filename:app.py:89]
2022-11-21 12:57:14,519 INFO: File not presentin list [in function index filename:app.py:91]
2022-11-21 12:57:14,521 INFO: Validating file [in function index filename:app.py:95]
2022-11-21 12:57:14,535 ERROR: Adding file to Error Folder [in function index filename:app.py:118]
2022-11-21 12:57:14,546 ERROR: Invalid File [in function index filename:app.py:122]
2022-11-21 12:58:19,458 INFO: Adding Values to Databse [in function VOC_Rolling_MoM filename:app.py:50]
2022-11-21 12:58:19,462 INFO: Starting the Flask Parser App ... [in function <module> filename:app.py:69]
2022-11-21 12:58:21,281 INFO: Adding Values to Databse [in function VOC_Rolling_MoM filename:app.py:50]
2022-11-21 12:58:21,285 INFO: Starting the Flask Parser App ... [in function <module> filename:app.py:69]
2022-11-21 12:58:23,061 INFO: Adding Values to Databse [in function VOC_Rolling_MoM filename:app.py:50]
2022-11-21 12:58:23,065 INFO: Starting the Flask Parser App ... [in function <module> filename:app.py:69]
2022-11-21 12:58:49,795 INFO: Adding Values to Databse [in function VOC_Rolling_MoM filename:app.py:50]
2022-11-21 12:58:49,799 INFO: Starting the Flask Parser App ... [in function <module> filename:app.py:69]
